<?xml version="1.0" encoding="utf-8"?><testsuites name="pytest tests"><testsuite name="pytest" errors="0" failures="0" skipped="0" tests="21" time="4.650" timestamp="2026-02-28T06:29:52.897610+00:00" hostname="agent-env-3f406a06-7f45-4256-a74c-2df75893c42f"><testcase classname="backend.tests.test_workspace_oauth_whatsapp.TestHealthCheck" name="test_health_endpoint" time="0.187" /><testcase classname="backend.tests.test_workspace_oauth_whatsapp.TestUserRegistrationWithCompany" name="test_registration_creates_default_company" time="0.346" /><testcase classname="backend.tests.test_workspace_oauth_whatsapp.TestUserRegistrationWithCompany" name="test_registration_sets_owner_role" time="0.000" /><testcase classname="backend.tests.test_workspace_oauth_whatsapp.TestUserRegistrationWithCompany" name="test_registration_returns_plan_info" time="0.000" /><testcase classname="backend.tests.test_workspace_oauth_whatsapp.TestLoginWithWorkspace" name="test_login_returns_company_id" time="0.609" /><testcase classname="backend.tests.test_workspace_oauth_whatsapp.TestLoginWithWorkspace" name="test_login_returns_workspace_role" time="0.000" /><testcase classname="backend.tests.test_workspace_oauth_whatsapp.TestWorkspaceRoutes" name="test_get_workspace_details" time="0.443" /><testcase classname="backend.tests.test_workspace_oauth_whatsapp.TestWorkspaceRoutes" name="test_list_workspaces" time="0.060" /><testcase classname="backend.tests.test_workspace_oauth_whatsapp.TestWorkspaceRoutes" name="test_invite_member" time="0.065" /><testcase classname="backend.tests.test_workspace_oauth_whatsapp.TestWorkspaceRoutes" name="test_list_pending_invites" time="0.064" /><testcase classname="backend.tests.test_workspace_oauth_whatsapp.TestMetaOAuthRoutes" name="test_get_meta_oauth_url_no_config" time="0.403" /><testcase classname="backend.tests.test_workspace_oauth_whatsapp.TestMetaOAuthRoutes" name="test_get_meta_pages_empty" time="0.053" /><testcase classname="backend.tests.test_workspace_oauth_whatsapp.TestWhatsAppRoutes" name="test_get_whatsapp_status" time="0.399" /><testcase classname="backend.tests.test_workspace_oauth_whatsapp.TestWhatsAppRoutes" name="test_update_whatsapp_settings" time="0.061" /><testcase classname="backend.tests.test_workspace_oauth_whatsapp.TestAdvancedAnalytics" name="test_detailed_analytics_7d" time="0.382" /><testcase classname="backend.tests.test_workspace_oauth_whatsapp.TestAdvancedAnalytics" name="test_detailed_analytics_30d" time="0.048" /><testcase classname="backend.tests.test_workspace_oauth_whatsapp.TestAdvancedAnalytics" name="test_detailed_analytics_90d" time="0.058" /><testcase classname="backend.tests.test_workspace_oauth_whatsapp.TestAdvancedAnalytics" name="test_detailed_analytics_all" time="0.052" /><testcase classname="backend.tests.test_workspace_oauth_whatsapp.TestRolePermissions" name="test_owner_can_invite_members" time="0.382" /><testcase classname="backend.tests.test_workspace_oauth_whatsapp.TestRolePermissions" name="test_duplicate_invite_rejected" time="0.102" /><testcase classname="backend.tests.test_workspace_oauth_whatsapp.TestCompanyIsolation" name="test_two_users_have_separate_workspaces" time="0.748" /></testsuite></testsuites>