<?xml version="1.0" encoding="utf-8"?><testsuites name="pytest tests"><testsuite name="pytest" errors="0" failures="0" skipped="0" tests="12" time="4.868" timestamp="2026-02-28T06:51:50.757740+00:00" hostname="agent-env-3f406a06-7f45-4256-a74c-2df75893c42f"><testcase classname="backend.tests.test_subscription_restrictions.TestSubscriptionAPI" name="test_subscription_endpoint_returns_200" time="0.454" /><testcase classname="backend.tests.test_subscription_restrictions.TestSubscriptionAPI" name="test_subscription_has_subscription_status" time="0.379" /><testcase classname="backend.tests.test_subscription_restrictions.TestSubscriptionAPI" name="test_subscription_status_has_is_active_flag" time="0.390" /><testcase classname="backend.tests.test_subscription_restrictions.TestSubscriptionAPI" name="test_subscription_usage_has_team_members_count" time="0.379" /><testcase classname="backend.tests.test_subscription_restrictions.TestSubscriptionAPI" name="test_subscription_usage_has_team_members_limit" time="0.404" /><testcase classname="backend.tests.test_subscription_restrictions.TestSubscriptionAPI" name="test_subscription_response_structure" time="0.377" /><testcase classname="backend.tests.test_subscription_restrictions.TestWorkspaceInviteSubscriptionCheck" name="test_invite_endpoint_exists" time="0.393" /><testcase classname="backend.tests.test_subscription_restrictions.TestWorkspaceInviteSubscriptionCheck" name="test_invite_returns_proper_error_for_already_member" time="0.410" /><testcase classname="backend.tests.test_subscription_restrictions.TestExpiredSubscriptionScenario" name="test_expired_user_registration_and_subscription_check" time="0.394" /><testcase classname="backend.tests.test_subscription_restrictions.TestTeamMemberLimits" name="test_get_current_team_member_count" time="0.415" /><testcase classname="backend.tests.test_subscription_restrictions.TestTeamMemberLimits" name="test_workspace_endpoint_shows_members" time="0.383" /><testcase classname="backend.tests.test_subscription_restrictions.TestPlanLimits" name="test_get_plans_shows_team_member_limits" time="0.424" /></testsuite></testsuites>